SF:lib/providers/auth.dart
DA:16,0
DA:17,0
DA:20,0
DA:21,0
DA:24,0
DA:25,0
DA:26,0
DA:27,0
DA:28,0
DA:34,0
DA:36,0
DA:38,0
DA:39,0
DA:40,0
DA:47,0
DA:49,0
DA:50,0
DA:52,0
DA:53,0
DA:54,0
DA:55,0
DA:56,0
DA:60,0
DA:61,0
DA:62,0
DA:63,0
DA:66,0
DA:67,0
DA:70,0
DA:73,0
DA:74,0
DA:77,0
DA:78,0
DA:81,0
DA:82,0
DA:83,0
DA:85,0
DA:87,0
DA:89,0
DA:90,0
DA:93,0
DA:94,0
DA:95,0
DA:97,0
DA:98,0
DA:100,0
DA:103,0
DA:104,0
DA:105,0
DA:106,0
DA:107,0
DA:108,0
DA:109,0
DA:111,0
DA:112,0
DA:115,0
DA:116,0
DA:117,0
DA:119,0
DA:120,0
LF:60
LH:0
end_of_record
SF:lib/widgets/app_drawer.dart
DA:7,1
DA:9,1
DA:11,1
DA:12,1
DA:13,1
DA:14,1
DA:20,1
DA:23,1
DA:24,2
DA:28,1
DA:31,1
DA:32,2
DA:36,1
DA:39,1
DA:40,2
DA:44,1
DA:47,0
DA:48,0
LF:18
LH:16
end_of_record
SF:lib/data/store.dart
DA:6,0
DA:7,0
DA:8,0
DA:11,0
DA:12,0
DA:15,0
DA:16,0
DA:17,0
DA:20,0
DA:22,0
DA:29,0
DA:30,0
DA:31,0
LF:13
LH:0
end_of_record
SF:lib/exceptions/auth_exception.dart
DA:16,0
DA:18,0
DA:20,0
LF:3
LH:0
end_of_record
SF:lib/utils/constants.dart
DA:4,0
DA:6,0
DA:7,0
LF:3
LH:0
end_of_record
